<?xml version="1.0" encoding="UTF-8"?>
<!-- Generated by org.testng.reporters.JUnitXMLReporter -->
<testsuite ignored="0" hostname="AkshayKumbhar" failures="0" tests="4" name="CromeTest" time="264.065" errors="0" timestamp="2022-10-27T17:47:18 IST">
  <testcase classname="testpackage.Test1" name="returntomessenger1" time="29.251"/>
  <testcase classname="testpackage.TestNg" name="returntomessenger" time="38.89"/>
  <testcase classname="testpackage.TestNg" name="visittohelpcenter" time="13.596"/>
  <testcase classname="testpackage.Test1" name="visittohelpcenter1" time="24.077"/>
</testsuite> <!-- CromeTest -->
