<?xml version="1.0" encoding="UTF-8"?>
<!-- Generated by org.testng.reporters.JUnitXMLReporter -->
<testsuite ignored="0" hostname="AkshayKumbhar" failures="0" tests="4" name="FirefoxTest" time="107.145" errors="0" timestamp="2022-10-27T17:49:06 IST">
  <testcase classname="testpackage.TestNg" name="returntomessenger" time="1.868"/>
  <testcase classname="testpackage.Test1" name="returntomessenger1" time="2.21"/>
  <testcase classname="testpackage.TestNg" name="visittohelpcenter" time="4.002"/>
  <testcase classname="testpackage.Test1" name="visittohelpcenter1" time="3.651"/>
</testsuite> <!-- FirefoxTest -->
